\BOOKMARK [1][]{section.1}{\376\377\000I\000n\000t\000r\000o\000d\000u\000c\000c\000i\000\363\000n}{}% 1
\BOOKMARK [1][]{section.2}{\376\377\000E\000s\000t\000a\000d\000o\000\040\000d\000e\000l\000\040\000A\000r\000t\000e}{}% 2
\BOOKMARK [2][]{subsection.2.1}{\376\377\000D\000e\000t\000e\000c\000t\000o\000r\000e\000s\000\040\000b\000a\000s\000a\000d\000o\000s\000\040\000e\000n\000\040\000r\000e\000d\000e\000s\000\040\000c\000o\000n\000v\000o\000l\000u\000c\000i\000o\000n\000a\000l\000e\000s}{section.2}% 3
\BOOKMARK [2][]{subsection.2.2}{\376\377\000D\000e\000t\000e\000c\000t\000o\000r\000e\000s\000\040\000m\000u\000l\000t\000i\000m\000o\000d\000a\000l\000e\000s\000\040\000y\000\040\000v\000i\000s\000i\000\363\000n\000-\000l\000e\000n\000g\000u\000a\000j\000e}{section.2}% 4
\BOOKMARK [1][]{section.3}{\376\377\000F\000u\000n\000d\000a\000m\000e\000n\000t\000o\000s\000\040\000T\000\351\000c\000n\000i\000c\000o\000s}{}% 5
\BOOKMARK [2][]{subsection.3.1}{\376\377\000R\000e\000d\000e\000s\000\040\000G\000e\000n\000e\000r\000a\000t\000i\000v\000a\000s\000\040\000A\000d\000v\000e\000r\000s\000a\000r\000i\000a\000s\000\040\000\050\000G\000A\000N\000s\000\051}{section.3}% 6
\BOOKMARK [2][]{subsection.3.2}{\376\377\000M\000o\000d\000e\000l\000o\000s\000\040\000d\000e\000\040\000d\000i\000f\000u\000s\000i\000\363\000n}{section.3}% 7
\BOOKMARK [2][]{subsection.3.3}{\376\377\000C\000L\000I\000P}{section.3}% 8
\BOOKMARK [2][]{subsection.3.4}{\376\377\000D\000e\000n\000s\000e\000N\000e\000t\000-\0001\0002\0001}{section.3}% 9
\BOOKMARK [1][]{section.4}{\376\377\000A\000r\000q\000u\000i\000t\000e\000c\000t\000u\000r\000a\000\040\000d\000e\000l\000\040\000M\0002\000F\0002\000-\000D\000e\000t}{}% 10
\BOOKMARK [1][]{section.5}{\376\377\000M\000e\000t\000o\000d\000o\000l\000o\000g\000\355\000a\000\040\000E\000x\000p\000e\000r\000i\000m\000e\000n\000t\000a\000l}{}% 11
\BOOKMARK [2][]{subsection.5.1}{\376\377\000P\000i\000p\000e\000l\000i\000n\000e\000\040\000d\000e\000\040\000i\000n\000f\000e\000r\000e\000n\000c\000i\000a}{section.5}% 12
\BOOKMARK [2][]{subsection.5.2}{\376\377\000E\000n\000t\000r\000e\000n\000a\000m\000i\000e\000n\000t\000o\000\040\000y\000\040\000f\000i\000n\000e\000-\000t\000u\000n\000i\000n\000g}{section.5}% 13
\BOOKMARK [1][]{section.6}{\376\377\000R\000e\000s\000u\000l\000t\000a\000d\000o\000s}{}% 14
\BOOKMARK [2][]{subsection.6.1}{\376\377\000E\000n\000t\000r\000e\000n\000a\000m\000i\000e\000n\000t\000o\000\040\000v\0001\000:\000\040\000D\000a\000t\000o\000s\000\040\000G\000A\000N}{section.6}% 15
\BOOKMARK [2][]{subsection.6.2}{\376\377\000P\000r\000e\000d\000i\000c\000c\000i\000o\000n\000e\000s\000\040\000i\000n\000d\000i\000v\000i\000d\000u\000a\000l\000e\000s}{section.6}% 16
\BOOKMARK [2][]{subsection.6.3}{\376\377\000F\000i\000n\000e\000-\000t\000u\000n\000i\000n\000g\000\040\000v\0002\000:\000\040\000D\000a\000t\000o\000s\000\040\000d\000e\000\040\000d\000i\000f\000u\000s\000i\000\363\000n}{section.6}% 17
\BOOKMARK [1][]{section.7}{\376\377\000D\000i\000s\000c\000u\000s\000i\000\363\000n}{}% 18
\BOOKMARK [2][]{subsection.7.1}{\376\377\000G\000a\000p\000\040\000d\000e\000\040\000d\000o\000m\000i\000n\000i\000o\000\040\000G\000A\000N\000-\000d\000i\000f\000u\000s\000i\000\363\000n}{section.7}% 19
\BOOKMARK [2][]{subsection.7.2}{\376\377\000E\000f\000i\000c\000a\000c\000i\000a\000\040\000d\000e\000l\000\040\000f\000i\000n\000e\000-\000t\000u\000n\000i\000n\000g\000\040\000y\000\040\000l\000i\000m\000i\000t\000a\000c\000i\000o\000n\000e\000s}{section.7}% 20
\BOOKMARK [1][]{section.8}{\376\377\000C\000o\000n\000c\000l\000u\000s\000i\000o\000n\000e\000s}{}% 21
